TN:
SF:modelo.js
FN:5,reconfig_bd
FN:15,listar_perguntas
FN:17,(anonymous_2)
FN:21,cadastrar_pergunta
FN:27,cadastrar_resposta
FN:33,get_pergunta
FN:37,get_respostas
FN:41,get_num_respostas
FNF:8
FNH:8
FNDA:1,reconfig_bd
FNDA:6,listar_perguntas
FNDA:13,(anonymous_2)
FNDA:10,cadastrar_pergunta
FNDA:6,cadastrar_resposta
FNDA:3,get_pergunta
FNDA:3,get_respostas
FNDA:14,get_num_respostas
DA:1,2
DA:6,1
DA:16,6
DA:17,13
DA:18,6
DA:22,10
DA:23,10
DA:24,10
DA:28,6
DA:29,6
DA:30,6
DA:34,3
DA:38,3
DA:42,14
DA:43,14
DA:46,2
DA:47,2
DA:48,2
DA:49,2
DA:50,2
DA:51,2
DA:52,2
LF:22
LH:22
BRF:0
BRH:0
end_of_record
TN:
SF:bd/bd_utils.js
FN:5,reconfig
FN:9,query
FN:13,queryAll
FN:17,exec
FNF:4
FNH:4
FNDA:5,reconfig
FNDA:14,query
FNDA:8,queryAll
FNDA:26,exec
DA:1,2
DA:3,2
DA:6,5
DA:10,14
DA:14,8
DA:18,26
DA:21,2
DA:22,2
DA:23,2
DA:24,2
LF:10
LH:10
BRF:0
BRH:0
end_of_record
