<?xml version="1.0" encoding="UTF-8"?>
<coverage generated="1733417179108" clover="3.2.0">
  <project timestamp="1733417179108" name="All files">
    <metrics statements="32" coveredstatements="32" conditionals="0" coveredconditionals="0" methods="12" coveredmethods="12" elements="44" coveredelements="44" complexity="0" loc="32" ncloc="32" packages="2" files="2" classes="2"/>
    <package name="esmforum">
      <metrics statements="22" coveredstatements="22" conditionals="0" coveredconditionals="0" methods="8" coveredmethods="8"/>
      <file name="modelo.js" path="/home/trindade/Desktop/UFMG/Engenharia de Software/TP 2/Exercício 3: Teste de Integração/esmforum/modelo.js">
        <metrics statements="22" coveredstatements="22" conditionals="0" coveredconditionals="0" methods="8" coveredmethods="8"/>
        <line num="1" count="2" type="stmt"/>
        <line num="6" count="1" type="stmt"/>
        <line num="16" count="6" type="stmt"/>
        <line num="17" count="13" type="stmt"/>
        <line num="18" count="6" type="stmt"/>
        <line num="22" count="10" type="stmt"/>
        <line num="23" count="10" type="stmt"/>
        <line num="24" count="10" type="stmt"/>
        <line num="28" count="6" type="stmt"/>
        <line num="29" count="6" type="stmt"/>
        <line num="30" count="6" type="stmt"/>
        <line num="34" count="3" type="stmt"/>
        <line num="38" count="3" type="stmt"/>
        <line num="42" count="14" type="stmt"/>
        <line num="43" count="14" type="stmt"/>
        <line num="46" count="2" type="stmt"/>
        <line num="47" count="2" type="stmt"/>
        <line num="48" count="2" type="stmt"/>
        <line num="49" count="2" type="stmt"/>
        <line num="50" count="2" type="stmt"/>
        <line num="51" count="2" type="stmt"/>
        <line num="52" count="2" type="stmt"/>
      </file>
    </package>
    <package name="esmforum.bd">
      <metrics statements="10" coveredstatements="10" conditionals="0" coveredconditionals="0" methods="4" coveredmethods="4"/>
      <file name="bd_utils.js" path="/home/trindade/Desktop/UFMG/Engenharia de Software/TP 2/Exercício 3: Teste de Integração/esmforum/bd/bd_utils.js">
        <metrics statements="10" coveredstatements="10" conditionals="0" coveredconditionals="0" methods="4" coveredmethods="4"/>
        <line num="1" count="2" type="stmt"/>
        <line num="3" count="2" type="stmt"/>
        <line num="6" count="5" type="stmt"/>
        <line num="10" count="14" type="stmt"/>
        <line num="14" count="8" type="stmt"/>
        <line num="18" count="26" type="stmt"/>
        <line num="21" count="2" type="stmt"/>
        <line num="22" count="2" type="stmt"/>
        <line num="23" count="2" type="stmt"/>
        <line num="24" count="2" type="stmt"/>
      </file>
    </package>
  </project>
</coverage>
