{"/home/trindade/Desktop/UFMG/Engenharia de Software/TP 2/Exercício 3: Teste de Integração/esmforum/modelo.js": {"path":"/home/trindade/Desktop/UFMG/Engenharia de Software/TP 2/Exercício 3: Teste de Integração/esmforum/modelo.js","statementMap":{"0":{"start":{"line":1,"column":9},"end":{"line":1,"column":36}},"1":{"start":{"line":6,"column":2},"end":{"line":6,"column":15}},"2":{"start":{"line":16,"column":20},"end":{"line":16,"column":62}},"3":{"start":{"line":17,"column":2},"end":{"line":17,"column":104}},"4":{"start":{"line":17,"column":32},"end":{"line":17,"column":102}},"5":{"start":{"line":18,"column":2},"end":{"line":18,"column":19}},"6":{"start":{"line":22,"column":17},"end":{"line":22,"column":27}},"7":{"start":{"line":23,"column":17},"end":{"line":23,"column":112}},"8":{"start":{"line":24,"column":2},"end":{"line":24,"column":32}},"9":{"start":{"line":28,"column":17},"end":{"line":28,"column":37}},"10":{"start":{"line":29,"column":17},"end":{"line":29,"column":113}},"11":{"start":{"line":30,"column":2},"end":{"line":30,"column":32}},"12":{"start":{"line":34,"column":2},"end":{"line":34,"column":82}},"13":{"start":{"line":38,"column":2},"end":{"line":38,"column":85}},"14":{"start":{"line":42,"column":20},"end":{"line":42,"column":99}},"15":{"start":{"line":43,"column":2},"end":{"line":43,"column":31}},"16":{"start":{"line":46,"column":0},"end":{"line":46,"column":34}},"17":{"start":{"line":47,"column":0},"end":{"line":47,"column":44}},"18":{"start":{"line":48,"column":0},"end":{"line":48,"column":48}},"19":{"start":{"line":49,"column":0},"end":{"line":49,"column":48}},"20":{"start":{"line":50,"column":0},"end":{"line":50,"column":36}},"21":{"start":{"line":51,"column":0},"end":{"line":51,"column":38}},"22":{"start":{"line":52,"column":0},"end":{"line":52,"column":46}}},"fnMap":{"0":{"name":"reconfig_bd","decl":{"start":{"line":5,"column":9},"end":{"line":5,"column":20}},"loc":{"start":{"line":5,"column":30},"end":{"line":7,"column":1}},"line":5},"1":{"name":"listar_perguntas","decl":{"start":{"line":15,"column":9},"end":{"line":15,"column":25}},"loc":{"start":{"line":15,"column":28},"end":{"line":19,"column":1}},"line":15},"2":{"name":"(anonymous_2)","decl":{"start":{"line":17,"column":20},"end":{"line":17,"column":21}},"loc":{"start":{"line":17,"column":32},"end":{"line":17,"column":102}},"line":17},"3":{"name":"cadastrar_pergunta","decl":{"start":{"line":21,"column":9},"end":{"line":21,"column":27}},"loc":{"start":{"line":21,"column":35},"end":{"line":25,"column":1}},"line":21},"4":{"name":"cadastrar_resposta","decl":{"start":{"line":27,"column":9},"end":{"line":27,"column":27}},"loc":{"start":{"line":27,"column":48},"end":{"line":31,"column":1}},"line":27},"5":{"name":"get_pergunta","decl":{"start":{"line":33,"column":9},"end":{"line":33,"column":21}},"loc":{"start":{"line":33,"column":35},"end":{"line":35,"column":1}},"line":33},"6":{"name":"get_respostas","decl":{"start":{"line":37,"column":9},"end":{"line":37,"column":22}},"loc":{"start":{"line":37,"column":36},"end":{"line":39,"column":1}},"line":37},"7":{"name":"get_num_respostas","decl":{"start":{"line":41,"column":9},"end":{"line":41,"column":26}},"loc":{"start":{"line":41,"column":40},"end":{"line":44,"column":1}},"line":41}},"branchMap":{},"s":{"0":2,"1":1,"2":6,"3":6,"4":13,"5":6,"6":10,"7":10,"8":10,"9":6,"10":6,"11":6,"12":3,"13":3,"14":14,"15":14,"16":2,"17":2,"18":2,"19":2,"20":2,"21":2,"22":2},"f":{"0":1,"1":6,"2":13,"3":10,"4":6,"5":3,"6":3,"7":14},"b":{},"_coverageSchema":"1a1c01bbd47fc00a2c39e90264f33305004495a9","hash":"dc197e7cd95ae7f1692e7a62a99d1b6f9f0a24b4"}
,"/home/trindade/Desktop/UFMG/Engenharia de Software/TP 2/Exercício 3: Teste de Integração/esmforum/bd/bd_utils.js": {"path":"/home/trindade/Desktop/UFMG/Engenharia de Software/TP 2/Exercício 3: Teste de Integração/esmforum/bd/bd_utils.js","statementMap":{"0":{"start":{"line":1,"column":17},"end":{"line":1,"column":42}},"1":{"start":{"line":3,"column":9},"end":{"line":3,"column":41}},"2":{"start":{"line":6,"column":2},"end":{"line":6,"column":26}},"3":{"start":{"line":10,"column":2},"end":{"line":10,"column":39}},"4":{"start":{"line":14,"column":2},"end":{"line":14,"column":39}},"5":{"start":{"line":18,"column":2},"end":{"line":18,"column":43}},"6":{"start":{"line":21,"column":0},"end":{"line":21,"column":28}},"7":{"start":{"line":22,"column":0},"end":{"line":22,"column":22}},"8":{"start":{"line":23,"column":0},"end":{"line":23,"column":28}},"9":{"start":{"line":24,"column":0},"end":{"line":24,"column":20}}},"fnMap":{"0":{"name":"reconfig","decl":{"start":{"line":5,"column":9},"end":{"line":5,"column":17}},"loc":{"start":{"line":5,"column":24},"end":{"line":7,"column":1}},"line":5},"1":{"name":"query","decl":{"start":{"line":9,"column":9},"end":{"line":9,"column":14}},"loc":{"start":{"line":9,"column":30},"end":{"line":11,"column":1}},"line":9},"2":{"name":"queryAll","decl":{"start":{"line":13,"column":9},"end":{"line":13,"column":17}},"loc":{"start":{"line":13,"column":33},"end":{"line":15,"column":1}},"line":13},"3":{"name":"exec","decl":{"start":{"line":17,"column":9},"end":{"line":17,"column":13}},"loc":{"start":{"line":17,"column":33},"end":{"line":19,"column":1}},"line":17}},"branchMap":{},"s":{"0":2,"1":2,"2":5,"3":14,"4":8,"5":26,"6":2,"7":2,"8":2,"9":2},"f":{"0":5,"1":14,"2":8,"3":26},"b":{},"_coverageSchema":"1a1c01bbd47fc00a2c39e90264f33305004495a9","hash":"7a1f860f04e9b11b7a2216dcb7791e4877378c3b"}
}
